<?xml version="1.0" encoding="UTF-8"?>
<testsuite name="org.iut.refactoring.GestionPersonnelTest" tests="11" skipped="0" failures="0" errors="0" timestamp="2025-11-03T19:35:36.380Z" hostname="PC_DE_PEGLAND" time="0.101">
  <properties/>
  <testcase name="testCalculSalaireDeveloppeur()" classname="org.iut.refactoring.GestionPersonnelTest" time="0.058"/>
  <testcase name="testCalculBonusAnnuelChefDeProjet()" classname="org.iut.refactoring.GestionPersonnelTest" time="0.002"/>
  <testcase name="testCalculSalaireEmployeInexistant()" classname="org.iut.refactoring.GestionPersonnelTest" time="0.005"/>
  <testcase name="testAvancementEmploye()" classname="org.iut.refactoring.GestionPersonnelTest" time="0.003"/>
  <testcase name="testCalculBonusAnnuelDeveloppeur()" classname="org.iut.refactoring.GestionPersonnelTest" time="0.001"/>
  <testcase name="testGetEmployesParDivision()" classname="org.iut.refactoring.GestionPersonnelTest" time="0.002"/>
  <testcase name="testCalculBonusEmployeInexistant()" classname="org.iut.refactoring.GestionPersonnelTest" time="0.002"/>
  <testcase name="testAjouteSalarie()" classname="org.iut.refactoring.GestionPersonnelTest" time="0.003"/>
  <testcase name="testCalculBonusAnnuelStagiaire()" classname="org.iut.refactoring.GestionPersonnelTest" time="0.003"/>
  <testcase name="testCalculSalaireChefDeProjet()" classname="org.iut.refactoring.GestionPersonnelTest" time="0.002"/>
  <testcase name="testCalculSalaireStagiaire()" classname="org.iut.refactoring.GestionPersonnelTest" time="0.003"/>
  <system-out><![CDATA[ERREUR: impossible de trouver l'employÃ©
EmployÃ© promu avec succÃ¨s!
]]></system-out>
  <system-err><![CDATA[]]></system-err>
</testsuite>
